{"total": {"lines":{"total":687,"covered":625,"skipped":0,"pct":90.97},"statements":{"total":687,"covered":625,"skipped":0,"pct":90.97},"functions":{"total":45,"covered":38,"skipped":0,"pct":84.44},"branches":{"total":185,"covered":167,"skipped":0,"pct":90.27},"branchesTrue":{"total":0,"covered":0,"skipped":0,"pct":100}}
,"C:\\Users\\poterala\\Downloads\\Bakery\\bakery-customer\\components\\Backdrop.tsx": {"lines":{"total":17,"covered":17,"skipped":0,"pct":100},"functions":{"total":1,"covered":1,"skipped":0,"pct":100},"statements":{"total":17,"covered":17,"skipped":0,"pct":100},"branches":{"total":6,"covered":6,"skipped":0,"pct":100}}
,"C:\\Users\\poterala\\Downloads\\Bakery\\bakery-customer\\components\\Footer.tsx": {"lines":{"total":61,"covered":61,"skipped":0,"pct":100},"functions":{"total":4,"covered":4,"skipped":0,"pct":100},"statements":{"total":61,"covered":61,"skipped":0,"pct":100},"branches":{"total":7,"covered":7,"skipped":0,"pct":100}}
,"C:\\Users\\poterala\\Downloads\\Bakery\\bakery-customer\\components\\ItemCard.tsx": {"lines":{"total":50,"covered":36,"skipped":0,"pct":72},"functions":{"total":4,"covered":2,"skipped":0,"pct":50},"statements":{"total":50,"covered":36,"skipped":0,"pct":72},"branches":{"total":6,"covered":4,"skipped":0,"pct":66.66}}
,"C:\\Users\\poterala\\Downloads\\Bakery\\bakery-customer\\components\\ItemSheet.tsx": {"lines":{"total":115,"covered":89,"skipped":0,"pct":77.39},"functions":{"total":3,"covered":2,"skipped":0,"pct":66.66},"statements":{"total":115,"covered":89,"skipped":0,"pct":77.39},"branches":{"total":17,"covered":10,"skipped":0,"pct":58.82}}
,"C:\\Users\\poterala\\Downloads\\Bakery\\bakery-customer\\components\\Menu.tsx": {"lines":{"total":249,"covered":230,"skipped":0,"pct":92.36},"functions":{"total":15,"covered":12,"skipped":0,"pct":80},"statements":{"total":249,"covered":230,"skipped":0,"pct":92.36},"branches":{"total":74,"covered":66,"skipped":0,"pct":89.18}}
,"C:\\Users\\poterala\\Downloads\\Bakery\\bakery-customer\\components\\VegMark.tsx": {"lines":{"total":12,"covered":12,"skipped":0,"pct":100},"functions":{"total":1,"covered":1,"skipped":0,"pct":100},"statements":{"total":12,"covered":12,"skipped":0,"pct":100},"branches":{"total":5,"covered":5,"skipped":0,"pct":100}}
,"C:\\Users\\poterala\\Downloads\\Bakery\\bakery-customer\\components\\Wordmark.tsx": {"lines":{"total":25,"covered":25,"skipped":0,"pct":100},"functions":{"total":2,"covered":2,"skipped":0,"pct":100},"statements":{"total":25,"covered":25,"skipped":0,"pct":100},"branches":{"total":4,"covered":4,"skipped":0,"pct":100}}
,"C:\\Users\\poterala\\Downloads\\Bakery\\bakery-customer\\lib\\backgrounds.ts": {"lines":{"total":60,"covered":60,"skipped":0,"pct":100},"functions":{"total":3,"covered":3,"skipped":0,"pct":100},"statements":{"total":60,"covered":60,"skipped":0,"pct":100},"branches":{"total":14,"covered":13,"skipped":0,"pct":92.85}}
,"C:\\Users\\poterala\\Downloads\\Bakery\\bakery-customer\\lib\\contact.ts": {"lines":{"total":22,"covered":22,"skipped":0,"pct":100},"functions":{"total":4,"covered":4,"skipped":0,"pct":100},"statements":{"total":22,"covered":22,"skipped":0,"pct":100},"branches":{"total":22,"covered":22,"skipped":0,"pct":100}}
,"C:\\Users\\poterala\\Downloads\\Bakery\\bakery-customer\\lib\\storage.ts": {"lines":{"total":40,"covered":37,"skipped":0,"pct":92.5},"functions":{"total":4,"covered":3,"skipped":0,"pct":75},"statements":{"total":40,"covered":37,"skipped":0,"pct":92.5},"branches":{"total":18,"covered":18,"skipped":0,"pct":100}}
,"C:\\Users\\poterala\\Downloads\\Bakery\\bakery-customer\\lib\\types.ts": {"lines":{"total":36,"covered":36,"skipped":0,"pct":100},"functions":{"total":4,"covered":4,"skipped":0,"pct":100},"statements":{"total":36,"covered":36,"skipped":0,"pct":100},"branches":{"total":12,"covered":12,"skipped":0,"pct":100}}
}
