TN:
SF:components\Backdrop.tsx
FN:13,Backdrop
FNF:1
FNH:1
FNDA:84,Backdrop
DA:1,1
DA:13,84
DA:14,84
DA:16,84
DA:17,2
DA:18,2
DA:19,2
DA:20,2
DA:21,2
DA:22,2
DA:24,2
DA:25,2
DA:27,2
DA:29,82
DA:30,84
DA:32,2
DA:33,2
LF:17
LH:17
BRDA:13,0,0,84
BRDA:16,1,0,3
BRDA:16,2,0,2
BRDA:27,3,0,82
BRDA:30,4,0,80
BRDA:30,5,0,2
BRF:6
BRH:6
end_of_record
TN:
SF:components\Footer.tsx
FN:18,Footer
FN:77,PinIcon
FN:86,PhoneIcon
FN:94,WhatsAppIcon
FNF:4
FNH:4
FNDA:78,Footer
FNDA:78,PinIcon
FNDA:4,PhoneIcon
FNDA:10,WhatsAppIcon
DA:1,1
DA:18,78
DA:19,78
DA:20,78
DA:22,78
DA:23,78
DA:24,78
DA:25,78
DA:26,78
DA:28,78
DA:29,78
DA:30,78
DA:31,78
DA:34,78
DA:35,78
DA:36,78
DA:37,78
DA:38,78
DA:39,78
DA:40,78
DA:42,78
DA:44,78
DA:47,78
DA:48,9
DA:49,9
DA:50,9
DA:51,9
DA:52,9
DA:54,9
DA:56,9
DA:59,78
DA:60,4
DA:61,4
DA:62,4
DA:64,4
DA:65,4
DA:66,4
DA:68,78
DA:70,78
DA:72,78
DA:73,78
DA:75,78
DA:77,78
DA:78,78
DA:79,78
DA:80,78
DA:81,78
DA:82,78
DA:84,78
DA:86,4
DA:87,4
DA:88,4
DA:89,4
DA:90,4
DA:92,4
DA:94,1
DA:95,10
DA:96,10
DA:97,10
DA:98,10
DA:100,10
LF:61
LH:61
BRDA:18,0,0,78
BRDA:20,1,0,73
BRDA:47,2,0,9
BRDA:59,3,0,4
BRDA:77,4,0,78
BRDA:86,5,0,4
BRDA:94,6,0,10
BRF:7
BRH:7
end_of_record
TN:
SF:components\ItemCard.tsx
FN:8,ItemCard
FN:26,onLoad
FN:27,onError
FN:62,Badge
FNF:4
FNH:2
FNDA:179,ItemCard
FNDA:0,onLoad
FNDA:0,onError
FNDA:59,Badge
DA:1,1
DA:8,179
DA:9,179
DA:11,179
DA:12,179
DA:13,179
DA:14,179
DA:15,179
DA:17,179
DA:18,179
DA:19,0
DA:20,0
DA:21,0
DA:22,0
DA:23,0
DA:24,0
DA:25,0
DA:26,0
DA:27,0
DA:28,0
DA:29,0
DA:30,0
DA:31,0
DA:32,0
DA:34,179
DA:37,179
DA:38,179
DA:39,179
DA:40,179
DA:42,179
DA:43,54
DA:44,54
DA:46,54
DA:47,54
DA:49,179
DA:51,179
DA:52,179
DA:53,179
DA:54,179
DA:55,179
DA:56,179
DA:57,179
DA:58,179
DA:60,179
DA:62,59
DA:63,59
DA:64,59
DA:65,59
DA:66,59
DA:68,59
LF:50
LH:36
BRDA:8,0,0,179
BRDA:18,1,0,0
BRDA:38,2,0,0
BRDA:39,3,0,59
BRDA:42,4,0,54
BRDA:62,5,0,59
BRF:6
BRH:4
end_of_record
TN:
SF:components\ItemSheet.tsx
FN:18,ItemSheet
FN:24,onKeyDown
FN:161,PhoneIcon
FNF:3
FNH:2
FNDA:4,ItemSheet
FNDA:2,onKeyDown
FNDA:0,PhoneIcon
DA:1,1
DA:18,4
DA:20,4
DA:21,4
DA:22,4
DA:24,4
DA:25,2
DA:26,2
DA:27,4
DA:29,4
DA:30,4
DA:31,4
DA:32,4
DA:33,4
DA:35,4
DA:36,4
DA:38,4
DA:39,4
DA:40,4
DA:41,4
DA:42,4
DA:44,4
DA:45,4
DA:46,4
DA:47,4
DA:48,4
DA:49,4
DA:51,4
DA:52,4
DA:53,4
DA:54,4
DA:55,4
DA:56,4
DA:58,4
DA:59,4
DA:60,4
DA:61,4
DA:63,4
DA:64,0
DA:65,0
DA:66,0
DA:67,0
DA:68,0
DA:69,0
DA:70,0
DA:73,4
DA:74,4
DA:75,4
DA:76,4
DA:77,4
DA:79,4
DA:80,4
DA:81,8
DA:82,8
DA:83,8
DA:85,8
DA:86,8
DA:87,4
DA:88,4
DA:89,0
DA:91,0
DA:93,4
DA:95,4
DA:96,4
DA:99,4
DA:100,4
DA:101,4
DA:102,8
DA:103,8
DA:104,8
DA:105,8
DA:106,8
DA:108,8
DA:109,8
DA:110,8
DA:111,8
DA:112,8
DA:113,4
DA:115,0
DA:116,0
DA:117,0
DA:118,0
DA:119,0
DA:120,0
DA:122,4
DA:126,4
DA:127,1
DA:128,1
DA:129,1
DA:130,1
DA:131,1
DA:133,1
DA:135,1
DA:138,4
DA:139,0
DA:140,0
DA:141,0
DA:143,0
DA:145,0
DA:148,4
DA:149,4
DA:150,4
DA:151,4
DA:152,4
DA:154,4
DA:155,4
DA:156,4
DA:157,4
DA:159,4
DA:161,0
DA:162,0
DA:163,0
DA:164,0
DA:165,0
DA:167,0
LF:115
LH:89
BRDA:18,0,0,4
BRDA:36,1,0,3
BRDA:39,2,0,0
BRDA:40,3,0,0
BRDA:41,4,0,0
BRDA:63,5,0,0
BRDA:88,6,0,0
BRDA:113,7,0,0
BRDA:126,8,0,1
BRDA:138,9,0,0
BRDA:20,10,0,4
BRDA:24,11,0,2
BRDA:29,12,0,4
BRDA:80,13,0,8
BRDA:101,14,0,8
BRDA:105,15,0,4
BRDA:105,16,0,4
BRF:17
BRH:10
end_of_record
TN:
SF:components\Menu.tsx
FN:23,Menu
FN:52,onScroll
FN:86,update
FN:113,onScroll
FN:152,jumpTo
FN:166,openSearch
FN:172,closeSearch
FN:211,onChange
FN:244,onClick
FN:277,ref
FN:292,onOpen
FN:314,onClose
FN:321,EmptyState
FN:330,SearchIcon
FN:339,CloseIcon
FNF:15
FNH:12
FNDA:79,Menu
FNDA:20,onScroll
FNDA:21,update
FNDA:0,onScroll
FNDA:0,jumpTo
FNDA:5,openSearch
FNDA:1,closeSearch
FNDA:27,onChange
FNDA:0,onClick
FNDA:256,ref
FNDA:4,onOpen
FNDA:2,onClose
FNDA:5,EmptyState
FNDA:46,SearchIcon
FNDA:32,CloseIcon
DA:1,1
DA:23,79
DA:24,79
DA:25,79
DA:26,79
DA:27,79
DA:28,79
DA:29,79
DA:30,79
DA:31,79
DA:32,79
DA:33,79
DA:34,79
DA:35,79
DA:36,79
DA:38,79
DA:40,79
DA:41,79
DA:42,79
DA:44,79
DA:45,79
DA:47,79
DA:49,79
DA:51,79
DA:52,20
DA:53,20
DA:54,20
DA:55,20
DA:56,20
DA:57,20
DA:58,79
DA:60,79
DA:61,48
DA:62,48
DA:63,27
DA:64,27
DA:65,54
DA:66,54
DA:67,54
DA:68,81
DA:69,60
DA:70,54
DA:71,27
DA:72,27
DA:73,79
DA:81,79
DA:82,48
DA:84,21
DA:86,21
DA:87,21
DA:88,21
DA:91,20
DA:92,20
DA:94,21
DA:95,40
DA:96,40
DA:97,40
DA:98,40
DA:99,40
DA:103,20
DA:104,20
DA:105,20
DA:108,21
DA:109,20
DA:110,20
DA:111,21
DA:113,21
DA:114,0
DA:115,0
DA:117,21
DA:118,21
DA:119,21
DA:121,21
DA:122,21
DA:123,21
DA:124,21
DA:125,21
DA:126,79
DA:129,79
DA:130,45
DA:131,45
DA:132,39
DA:133,39
DA:137,39
DA:139,0
DA:140,0
DA:141,0
DA:142,45
DA:144,0
DA:145,0
DA:146,0
DA:147,0
DA:148,0
DA:149,0
DA:150,79
DA:152,79
DA:153,0
DA:154,0
DA:155,0
DA:160,0
DA:161,0
DA:162,0
DA:163,0
DA:164,0
DA:166,79
DA:167,5
DA:169,5
DA:170,5
DA:172,79
DA:173,1
DA:174,1
DA:175,1
DA:177,79
DA:179,79
DA:180,79
DA:181,79
DA:182,79
DA:183,79
DA:184,79
DA:188,79
DA:189,79
DA:190,79
DA:191,79
DA:193,79
DA:194,79
DA:196,79
DA:197,79
DA:198,79
DA:199,79
DA:200,79
DA:202,79
DA:203,79
DA:204,79
DA:206,79
DA:207,32
DA:208,32
DA:209,32
DA:210,32
DA:211,32
DA:212,32
DA:213,32
DA:214,32
DA:215,32
DA:216,32
DA:217,32
DA:219,79
DA:221,79
DA:222,47
DA:223,47
DA:224,47
DA:225,47
DA:226,47
DA:227,47
DA:228,47
DA:230,47
DA:231,47
DA:234,79
DA:235,51
DA:236,51
DA:237,51
DA:238,102
DA:239,102
DA:240,102
DA:241,102
DA:242,102
DA:243,102
DA:244,102
DA:245,102
DA:246,102
DA:247,102
DA:248,51
DA:249,51
DA:250,102
DA:252,102
DA:253,102
DA:255,51
DA:256,51
DA:257,51
DA:260,79
DA:261,1
DA:262,1
DA:263,1
DA:264,1
DA:265,78
DA:266,4
DA:267,4
DA:268,4
DA:269,4
DA:271,74
DA:272,74
DA:273,130
DA:274,130
DA:275,130
DA:276,130
DA:277,130
DA:278,256
DA:279,128
DA:280,256
DA:281,130
DA:283,130
DA:284,130
DA:285,130
DA:286,130
DA:288,130
DA:290,130
DA:291,130
DA:292,182
DA:293,130
DA:294,130
DA:295,130
DA:296,74
DA:297,74
DA:300,79
DA:301,79
DA:302,79
DA:303,79
DA:304,79
DA:305,79
DA:306,79
DA:308,79
DA:309,4
DA:310,4
DA:311,4
DA:312,4
DA:313,4
DA:314,4
DA:315,4
DA:317,79
DA:319,79
DA:321,5
DA:322,5
DA:323,5
DA:324,5
DA:325,5
DA:326,5
DA:328,5
DA:330,46
DA:331,46
DA:332,46
DA:333,46
DA:334,46
DA:335,46
DA:337,46
DA:339,32
DA:340,32
DA:341,32
DA:342,32
DA:343,32
DA:345,32
LF:249
LH:230
BRDA:23,0,0,79
BRDA:35,1,0,78
BRDA:35,2,0,1
BRDA:190,3,0,32
BRDA:190,4,0,47
BRDA:198,5,0,32
BRDA:198,6,0,47
BRDA:199,7,0,32
BRDA:199,8,0,47
BRDA:202,9,0,32
BRDA:202,10,0,47
BRDA:206,11,0,32
BRDA:221,12,0,47
BRDA:234,13,0,52
BRDA:234,14,0,51
BRDA:260,15,0,1
BRDA:264,16,0,78
BRDA:265,17,0,4
BRDA:269,18,0,74
BRDA:308,19,0,4
BRDA:47,20,0,20
BRDA:47,21,0,20
BRDA:51,22,0,20
BRDA:52,23,0,20
BRDA:57,24,0,20
BRDA:60,25,0,48
BRDA:62,26,0,21
BRDA:62,27,0,27
BRDA:64,28,0,54
BRDA:67,29,0,81
BRDA:68,30,0,60
BRDA:72,31,0,54
BRDA:81,32,0,48
BRDA:82,33,0,27
BRDA:82,34,0,21
BRDA:86,35,0,21
BRDA:88,36,0,1
BRDA:88,37,0,20
BRDA:94,38,0,40
BRDA:96,39,0,0
BRDA:97,40,0,0
BRDA:99,41,0,20
BRDA:108,42,0,0
BRDA:108,43,0,0
BRDA:108,44,0,20
BRDA:121,45,0,21
BRDA:124,46,0,0
BRDA:129,47,0,45
BRDA:131,48,0,39
BRDA:131,49,0,6
BRDA:131,50,0,39
BRDA:133,51,0,0
BRDA:133,52,0,39
BRDA:137,53,0,0
BRDA:142,54,0,0
BRDA:166,55,0,5
BRDA:169,56,0,5
BRDA:172,57,0,1
BRDA:177,58,0,156
BRDA:211,59,0,27
BRDA:237,60,0,102
BRDA:245,61,0,51
BRDA:245,62,0,51
BRDA:247,63,0,51
BRDA:248,64,0,51
BRDA:272,65,0,130
BRDA:277,66,0,256
BRDA:278,67,0,128
BRDA:291,68,0,182
BRDA:292,69,0,4
BRDA:314,70,0,2
BRDA:321,71,0,5
BRDA:330,72,0,46
BRDA:339,73,0,32
BRF:74
BRH:66
end_of_record
TN:
SF:components\VegMark.tsx
FN:2,VegMark
FNF:1
FNH:1
FNDA:183,VegMark
DA:1,1
DA:2,183
DA:3,183
DA:4,183
DA:5,183
DA:6,183
DA:7,183
DA:8,183
DA:9,183
DA:11,183
DA:12,183
DA:14,183
LF:12
LH:12
BRDA:2,0,0,183
BRDA:3,1,0,117
BRDA:3,2,0,66
BRDA:7,3,0,117
BRDA:7,4,0,66
BRF:5
BRH:5
end_of_record
TN:
SF:components\Wordmark.tsx
FN:8,Wordmark
FN:31,Flourish
FNF:2
FNH:2
FNDA:124,Wordmark
FNDA:46,Flourish
DA:1,1
DA:8,124
DA:9,124
DA:10,124
DA:11,124
DA:14,124
DA:15,124
DA:16,78
DA:17,78
DA:18,78
DA:19,78
DA:21,78
DA:23,46
DA:24,46
DA:25,46
DA:26,46
DA:28,46
DA:31,1
DA:32,46
DA:33,46
DA:34,46
DA:35,46
DA:36,46
DA:37,46
DA:39,46
LF:25
LH:25
BRDA:8,0,0,124
BRDA:15,1,0,78
BRDA:21,2,0,46
BRDA:31,3,0,46
BRF:4
BRH:4
end_of_record
TN:
SF:lib\backgrounds.ts
FN:76,isBackgroundId
FN:80,backgroundClass
FN:89,toAppearance
FNF:3
FNH:3
FNDA:10,isBackgroundId
FNDA:84,backgroundClass
FNDA:7,toAppearance
DA:22,1
DA:23,1
DA:24,1
DA:25,1
DA:26,1
DA:27,1
DA:28,1
DA:29,1
DA:30,1
DA:31,1
DA:32,1
DA:33,1
DA:34,1
DA:35,1
DA:36,1
DA:37,1
DA:38,1
DA:39,1
DA:40,1
DA:41,1
DA:42,1
DA:43,1
DA:44,1
DA:45,1
DA:46,1
DA:47,1
DA:48,1
DA:49,1
DA:50,1
DA:51,1
DA:52,1
DA:53,1
DA:54,1
DA:55,1
DA:56,1
DA:57,1
DA:58,1
DA:59,1
DA:61,1
DA:62,1
DA:63,1
DA:64,1
DA:71,1
DA:72,1
DA:73,1
DA:74,1
DA:76,1
DA:77,10
DA:78,10
DA:80,1
DA:81,84
DA:82,84
DA:89,1
DA:90,7
DA:92,7
DA:93,7
DA:94,7
DA:96,7
DA:98,5
DA:99,5
LF:60
LH:60
BRDA:76,0,0,10
BRDA:77,1,0,51
BRDA:80,2,0,84
BRDA:81,3,0,0
BRDA:81,4,0,93
BRDA:89,5,0,7
BRDA:92,6,0,1
BRDA:93,7,0,5
BRDA:94,8,0,5
BRDA:94,9,0,2
BRDA:96,10,0,3
BRDA:96,11,0,2
BRDA:96,12,0,5
BRDA:90,13,0,9
BRF:14
BRH:13
end_of_record
TN:
SF:lib\contact.ts
FN:9,normalisePhone
FN:20,telHref
FN:29,whatsappHref
FN:44,itemEnquiry
FNF:4
FNH:4
FNDA:179,normalisePhone
FNDA:84,telHref
FNDA:89,whatsappHref
FNDA:6,itemEnquiry
DA:9,1
DA:10,179
DA:11,179
DA:13,25
DA:14,179
DA:16,179
DA:17,179
DA:20,1
DA:21,84
DA:22,84
DA:23,84
DA:29,1
DA:30,89
DA:31,89
DA:34,89
DA:37,89
DA:39,16
DA:40,89
DA:41,89
DA:44,1
DA:45,6
DA:46,6
LF:22
LH:22
BRDA:9,0,0,179
BRDA:11,1,0,154
BRDA:11,2,0,25
BRDA:14,3,0,1
BRDA:14,4,0,29
BRDA:14,5,0,24
BRDA:16,6,0,20
BRDA:16,7,0,4
BRDA:20,8,0,84
BRDA:22,9,0,5
BRDA:22,10,0,79
BRDA:29,11,0,89
BRDA:31,12,0,73
BRDA:31,13,0,16
BRDA:34,14,0,1
BRDA:34,15,0,16
BRDA:37,16,0,1
BRDA:37,17,0,17
BRDA:37,18,0,16
BRDA:40,19,0,12
BRDA:40,20,0,4
BRDA:44,21,0,6
BRF:22
BRH:22
end_of_record
TN:
SF:lib\storage.ts
FN:12,uploadsDir
FN:27,extensionFor
FN:40,contentTypeFor
FN:57,safeFileName
FNF:4
FNH:3
FNDA:0,uploadsDir
FNDA:9,extensionFor
FNDA:10,contentTypeFor
FNDA:10,safeFileName
DA:1,1
DA:12,1
DA:13,0
DA:14,0
DA:15,0
DA:18,1
DA:19,1
DA:20,1
DA:21,1
DA:22,1
DA:23,1
DA:25,1
DA:27,1
DA:28,9
DA:29,9
DA:30,2
DA:31,9
DA:32,2
DA:33,9
DA:34,2
DA:35,9
DA:36,3
DA:37,9
DA:38,9
DA:40,1
DA:41,10
DA:42,10
DA:43,3
DA:44,10
DA:45,2
DA:46,10
DA:47,2
DA:48,10
DA:49,3
DA:50,10
DA:51,10
DA:57,1
DA:58,10
DA:59,10
DA:60,10
LF:40
LH:37
BRDA:27,0,0,9
BRDA:29,1,0,2
BRDA:31,2,0,2
BRDA:33,3,0,2
BRDA:35,4,0,3
BRDA:40,5,0,10
BRDA:42,6,0,3
BRDA:44,7,0,2
BRDA:46,8,0,2
BRDA:48,9,0,3
BRDA:57,10,0,10
BRDA:58,11,0,9
BRDA:58,12,0,7
BRDA:58,13,0,5
BRDA:58,14,0,7
BRDA:58,15,0,3
BRDA:59,16,0,1
BRDA:59,17,0,2
BRF:18
BRH:18
end_of_record
TN:
SF:lib\types.ts
FN:45,slugify
FN:55,formatPrice
FN:67,variantRange
FN:80,priceLabel
FNF:4
FNH:4
FNDA:8,slugify
FNDA:261,formatPrice
FNDA:187,variantRange
FNDA:182,priceLabel
DA:32,1
DA:33,1
DA:34,1
DA:35,1
DA:36,1
DA:37,1
DA:38,1
DA:39,1
DA:40,1
DA:41,1
DA:42,1
DA:45,1
DA:46,8
DA:47,8
DA:48,8
DA:49,8
DA:50,8
DA:51,8
DA:52,8
DA:55,1
DA:56,261
DA:57,261
DA:58,261
DA:59,261
DA:60,261
DA:61,261
DA:67,1
DA:68,187
DA:70,65
DA:71,65
DA:72,65
DA:73,187
DA:74,187
DA:80,1
DA:81,182
DA:82,182
LF:36
LH:36
BRDA:45,0,0,8
BRDA:55,1,0,261
BRDA:58,2,0,1
BRDA:58,3,0,260
BRDA:67,4,0,187
BRDA:68,5,0,122
BRDA:68,6,0,65
BRDA:73,7,0,3
BRDA:73,8,0,62
BRDA:70,9,0,129
BRDA:80,10,0,182
BRDA:81,11,0,121
BRF:12
BRH:12
end_of_record
